<html>
<head>
<title>TestNG:  ValidateSmokeTests</title>
<link href="../testng.css" rel="stylesheet" type="text/css" />
<link href="../my-testng.css" rel="stylesheet" type="text/css" />

<style type="text/css">
.log { display: none;} 
.stack-trace { display: none;} 
</style>
<script type="text/javascript">
<!--
function flip(e) {
  current = e.style.display;
  if (current == 'block') {
    e.style.display = 'none';
    return 0;
  }
  else {
    e.style.display = 'block';
    return 1;
  }
}

function toggleBox(szDivId, elem, msg1, msg2)
{
  var res = -1;  if (document.getElementById) {
    res = flip(document.getElementById(szDivId));
  }
  else if (document.all) {
    // this is the way old msie versions work
    res = flip(document.all[szDivId]);
  }
  if(elem) {
    if(res == 0) elem.innerHTML = msg1; else elem.innerHTML = msg2;
  }

}

function toggleAllBoxes() {
  if (document.getElementsByTagName) {
    d = document.getElementsByTagName('div');
    for (i = 0; i < d.length; i++) {
      if (d[i].className == 'log') {
        flip(d[i]);
      }
    }
  }
}

// -->
</script>

</head>
<body>
<h2 align='center'>ValidateSmokeTests</h2><table border='1' align="center">
<tr>
<td>Tests passed/Failed/Skipped:</td><td>21/2/0</td>
</tr><tr>
<td>Started on:</td><td>Tue May 15 08:44:30 PKT 2018</td>
</tr>
<tr><td>Total time:</td><td>656 seconds (656391 ms)</td>
</tr><tr>
<td>Included groups:</td><td></td>
</tr><tr>
<td>Excluded groups:</td><td></td>
</tr>
</table><p/>
<small><i>(Hover the method name to see the test class name)</i></small><p/>
<table width='100%' border='1' class='invocation-failed'>
<tr><td colspan='4' align='center'><b>FAILED TESTS</b></td></tr>
<tr><td><b>Test method</b></td>
<td width="30%"><b>Exception</b></td>
<td width="10%"><b>Time (seconds)</b></td>
<td><b>Instance</b></td>
</tr>
<tr>
<td title='smokeTestIE.ValidateSmokeTest.ValidateRecentViewLink()'><b>ValidateRecentViewLink</b><br>Test class: smokeTestIE.ValidateSmokeTest</td>
<td><div><pre>org.openqa.selenium.NoSuchElementException: Unable to find element with link text == See all recently viewed
For documentation on this error, please visit: http://seleniumhq.org/exceptions/no_such_element.html
Build info: version: &apos;3.11.0&apos;, revision: &apos;e59cfb3&apos;, time: &apos;2018-03-11T20:26:55.152Z&apos;
System info: host: &apos;DESKTOP-B75F35K&apos;, ip: &apos;10.0.2.15&apos;, os.name: &apos;Windows 10&apos;, os.arch: &apos;amd64&apos;, os.version: &apos;10.0&apos;, java.version: &apos;1.8.0_171&apos;
Driver info: org.openqa.selenium.ie.InternetExplorerDriver
Capabilities {acceptInsecureCerts: false, browserName: internet explorer, browserVersion: 11, javascriptEnabled: true, pageLoadStrategy: normal, platform: WINDOWS, platformName: WINDOWS, proxy: Proxy(), se:ieOptions: {browserAttachTimeout: 0, elementScrollBehavior: 0, enablePersistentHover: true, ie.browserCommandLineSwitches: , ie.ensureCleanSession: false, ie.fileUploadDialogTimeout: 3000, ie.forceCreateProcessApi: false, ignoreProtectedModeSettings: false, ignoreZoomSetting: false, initialBrowserUrl: http://localhost:18794/, nativeEvents: true, requireWindowFocus: false}, setWindowRect: true, timeouts: {implicit: 0, pageLoad: 300000, script: 30000}}
Session ID: 415fce85-712b-4087-b951-71c5a2d6d0ed
*** Element info: {Using=link text, value=See all recently viewed}
	at org.openqa.selenium.remote.http.W3CHttpResponseCodec.createException(W3CHttpResponseCodec.java:187)
	at org.openqa.selenium.remote.http.W3CHttpResponseCodec.decode(W3CHttpResponseCodec.java:122)
	at org.openqa.selenium.remote.http.W3CHttpResponseCodec.decode(W3CHttpResponseCodec.java:49)
	at org.openqa.selenium.remote.HttpCommandExecutor.execute(HttpCommandExecutor.java:158)
	at org.openqa.selenium.remote.service.DriverCommandExecutor.execute(DriverCommandExecutor.java:83)
	at org.openqa.selenium.remote.RemoteWebDriver.execute(RemoteWebDriver.java:545)
	at org.openqa.selenium.remote.RemoteWebDriver.findElement(RemoteWebDriver.java:319)
	at org.openqa.selenium.remote.RemoteWebDriver.findElementByLinkText(RemoteWebDriver.java:373)
	at org.openqa.selenium.By$ByLinkText.findElement(By.java:246)
	at org.openqa.selenium.remote.RemoteWebDriver.findElement(RemoteWebDriver.java:311)
	at pageObjects.FavouritePage.getRecentlyViewed(FavouritePage.java:58)
	at smokeTestIE.ValidateSmokeTest.ValidateRecentViewLink(ValidateSmokeTest.java:359)
... Removed 33 stack frames</pre></div><a href='#' onClick='toggleBox("stack-trace838812606", this, "Click to show all stack frames", "Click to hide stack frames")'>Click to show all stack frames</a>
<div class='stack-trace' id='stack-trace838812606'><pre>org.openqa.selenium.NoSuchElementException: Unable to find element with link text == See all recently viewed
For documentation on this error, please visit: http://seleniumhq.org/exceptions/no_such_element.html
Build info: version: &apos;3.11.0&apos;, revision: &apos;e59cfb3&apos;, time: &apos;2018-03-11T20:26:55.152Z&apos;
System info: host: &apos;DESKTOP-B75F35K&apos;, ip: &apos;10.0.2.15&apos;, os.name: &apos;Windows 10&apos;, os.arch: &apos;amd64&apos;, os.version: &apos;10.0&apos;, java.version: &apos;1.8.0_171&apos;
Driver info: org.openqa.selenium.ie.InternetExplorerDriver
Capabilities {acceptInsecureCerts: false, browserName: internet explorer, browserVersion: 11, javascriptEnabled: true, pageLoadStrategy: normal, platform: WINDOWS, platformName: WINDOWS, proxy: Proxy(), se:ieOptions: {browserAttachTimeout: 0, elementScrollBehavior: 0, enablePersistentHover: true, ie.browserCommandLineSwitches: , ie.ensureCleanSession: false, ie.fileUploadDialogTimeout: 3000, ie.forceCreateProcessApi: false, ignoreProtectedModeSettings: false, ignoreZoomSetting: false, initialBrowserUrl: http://localhost:18794/, nativeEvents: true, requireWindowFocus: false}, setWindowRect: true, timeouts: {implicit: 0, pageLoad: 300000, script: 30000}}
Session ID: 415fce85-712b-4087-b951-71c5a2d6d0ed
*** Element info: {Using=link text, value=See all recently viewed}
	at sun.reflect.NativeConstructorAccessorImpl.newInstance0(Native Method)
	at sun.reflect.NativeConstructorAccessorImpl.newInstance(NativeConstructorAccessorImpl.java:62)
	at sun.reflect.DelegatingConstructorAccessorImpl.newInstance(DelegatingConstructorAccessorImpl.java:45)
	at java.lang.reflect.Constructor.newInstance(Constructor.java:423)
	at org.openqa.selenium.remote.http.W3CHttpResponseCodec.createException(W3CHttpResponseCodec.java:187)
	at org.openqa.selenium.remote.http.W3CHttpResponseCodec.decode(W3CHttpResponseCodec.java:122)
	at org.openqa.selenium.remote.http.W3CHttpResponseCodec.decode(W3CHttpResponseCodec.java:49)
	at org.openqa.selenium.remote.HttpCommandExecutor.execute(HttpCommandExecutor.java:158)
	at org.openqa.selenium.remote.service.DriverCommandExecutor.execute(DriverCommandExecutor.java:83)
	at org.openqa.selenium.remote.RemoteWebDriver.execute(RemoteWebDriver.java:545)
	at org.openqa.selenium.remote.RemoteWebDriver.findElement(RemoteWebDriver.java:319)
	at org.openqa.selenium.remote.RemoteWebDriver.findElementByLinkText(RemoteWebDriver.java:373)
	at org.openqa.selenium.By$ByLinkText.findElement(By.java:246)
	at org.openqa.selenium.remote.RemoteWebDriver.findElement(RemoteWebDriver.java:311)
	at pageObjects.FavouritePage.getRecentlyViewed(FavouritePage.java:58)
	at smokeTestIE.ValidateSmokeTest.ValidateRecentViewLink(ValidateSmokeTest.java:359)
	at sun.reflect.NativeMethodAccessorImpl.invoke0(Native Method)
	at sun.reflect.NativeMethodAccessorImpl.invoke(NativeMethodAccessorImpl.java:62)
	at sun.reflect.DelegatingMethodAccessorImpl.invoke(DelegatingMethodAccessorImpl.java:43)
	at java.lang.reflect.Method.invoke(Method.java:498)
	at org.testng.internal.MethodInvocationHelper.invokeMethod(MethodInvocationHelper.java:124)
	at org.testng.internal.Invoker.invokeMethod(Invoker.java:580)
	at org.testng.internal.Invoker.invokeTestMethod(Invoker.java:716)
	at org.testng.internal.Invoker.invokeTestMethods(Invoker.java:988)
	at org.testng.internal.TestMethodWorker.invokeTestMethods(TestMethodWorker.java:125)
	at org.testng.internal.TestMethodWorker.run(TestMethodWorker.java:109)
	at org.testng.TestRunner.privateRun(TestRunner.java:648)
	at org.testng.TestRunner.run(TestRunner.java:505)
	at org.testng.SuiteRunner.runTest(SuiteRunner.java:455)
	at org.testng.SuiteRunner.runSequentially(SuiteRunner.java:450)
	at org.testng.SuiteRunner.privateRun(SuiteRunner.java:415)
	at org.testng.SuiteRunner.run(SuiteRunner.java:364)
	at org.testng.SuiteRunnerWorker.runSuite(SuiteRunnerWorker.java:52)
	at org.testng.SuiteRunnerWorker.run(SuiteRunnerWorker.java:84)
	at org.testng.TestNG.runSuitesSequentially(TestNG.java:1208)
	at org.testng.TestNG.runSuitesLocally(TestNG.java:1137)
	at org.testng.TestNG.runSuites(TestNG.java:1049)
	at org.testng.TestNG.run(TestNG.java:1017)
	at org.apache.maven.surefire.testng.TestNGExecutor.run(TestNGExecutor.java:283)
	at org.apache.maven.surefire.testng.TestNGXmlTestSuite.execute(TestNGXmlTestSuite.java:75)
	at org.apache.maven.surefire.testng.TestNGProvider.invoke(TestNGProvider.java:120)
	at org.apache.maven.surefire.booter.ForkedBooter.invokeProviderInSameClassLoader(ForkedBooter.java:379)
	at org.apache.maven.surefire.booter.ForkedBooter.runSuitesInProcess(ForkedBooter.java:340)
	at org.apache.maven.surefire.booter.ForkedBooter.execute(ForkedBooter.java:125)
	at org.apache.maven.surefire.booter.ForkedBooter.main(ForkedBooter.java:413)
</pre></div></td>
<td>10</td>
<td>smokeTestIE.ValidateSmokeTest@1e730495</td></tr>
<tr>
<td title='smokeTestIE.ValidateSmokeTest.ValidateStandardsCatalogDetail()'><b>ValidateStandardsCatalogDetail</b><br>Test class: smokeTestIE.ValidateSmokeTest</td>
<td><div><pre>org.openqa.selenium.NoSuchElementException: Unable to find element with xpath == //a[text()=&apos;Add to Cart &apos;]
For documentation on this error, please visit: http://seleniumhq.org/exceptions/no_such_element.html
Build info: version: &apos;3.11.0&apos;, revision: &apos;e59cfb3&apos;, time: &apos;2018-03-11T20:26:55.152Z&apos;
System info: host: &apos;DESKTOP-B75F35K&apos;, ip: &apos;10.0.2.15&apos;, os.name: &apos;Windows 10&apos;, os.arch: &apos;amd64&apos;, os.version: &apos;10.0&apos;, java.version: &apos;1.8.0_171&apos;
Driver info: org.openqa.selenium.ie.InternetExplorerDriver
Capabilities {acceptInsecureCerts: false, browserName: internet explorer, browserVersion: 11, javascriptEnabled: true, pageLoadStrategy: normal, platform: WINDOWS, platformName: WINDOWS, proxy: Proxy(), se:ieOptions: {browserAttachTimeout: 0, elementScrollBehavior: 0, enablePersistentHover: true, ie.browserCommandLineSwitches: , ie.ensureCleanSession: false, ie.fileUploadDialogTimeout: 3000, ie.forceCreateProcessApi: false, ignoreProtectedModeSettings: false, ignoreZoomSetting: false, initialBrowserUrl: http://localhost:18794/, nativeEvents: true, requireWindowFocus: false}, setWindowRect: true, timeouts: {implicit: 0, pageLoad: 300000, script: 30000}}
Session ID: 415fce85-712b-4087-b951-71c5a2d6d0ed
*** Element info: {Using=xpath, value=//a[text()=&apos;Add to Cart &apos;]}
	at org.openqa.selenium.remote.http.W3CHttpResponseCodec.createException(W3CHttpResponseCodec.java:187)
	at org.openqa.selenium.remote.http.W3CHttpResponseCodec.decode(W3CHttpResponseCodec.java:122)
	at org.openqa.selenium.remote.http.W3CHttpResponseCodec.decode(W3CHttpResponseCodec.java:49)
	at org.openqa.selenium.remote.HttpCommandExecutor.execute(HttpCommandExecutor.java:158)
	at org.openqa.selenium.remote.service.DriverCommandExecutor.execute(DriverCommandExecutor.java:83)
	at org.openqa.selenium.remote.RemoteWebDriver.execute(RemoteWebDriver.java:545)
	at org.openqa.selenium.remote.RemoteWebDriver.findElement(RemoteWebDriver.java:319)
	at org.openqa.selenium.remote.RemoteWebDriver.findElementByXPath(RemoteWebDriver.java:421)
	at org.openqa.selenium.By$ByXPath.findElement(By.java:361)
	at org.openqa.selenium.remote.RemoteWebDriver.findElement(RemoteWebDriver.java:311)
	at pageObjects.StandardsCatalog.getCartBtnNew(StandardsCatalog.java:31)
	at smokeTestIE.ValidateSmokeTest.ValidateStandardsCatalogDetail(ValidateSmokeTest.java:504)
... Removed 33 stack frames</pre></div><a href='#' onClick='toggleBox("stack-trace2089589253", this, "Click to show all stack frames", "Click to hide stack frames")'>Click to show all stack frames</a>
<div class='stack-trace' id='stack-trace2089589253'><pre>org.openqa.selenium.NoSuchElementException: Unable to find element with xpath == //a[text()=&apos;Add to Cart &apos;]
For documentation on this error, please visit: http://seleniumhq.org/exceptions/no_such_element.html
Build info: version: &apos;3.11.0&apos;, revision: &apos;e59cfb3&apos;, time: &apos;2018-03-11T20:26:55.152Z&apos;
System info: host: &apos;DESKTOP-B75F35K&apos;, ip: &apos;10.0.2.15&apos;, os.name: &apos;Windows 10&apos;, os.arch: &apos;amd64&apos;, os.version: &apos;10.0&apos;, java.version: &apos;1.8.0_171&apos;
Driver info: org.openqa.selenium.ie.InternetExplorerDriver
Capabilities {acceptInsecureCerts: false, browserName: internet explorer, browserVersion: 11, javascriptEnabled: true, pageLoadStrategy: normal, platform: WINDOWS, platformName: WINDOWS, proxy: Proxy(), se:ieOptions: {browserAttachTimeout: 0, elementScrollBehavior: 0, enablePersistentHover: true, ie.browserCommandLineSwitches: , ie.ensureCleanSession: false, ie.fileUploadDialogTimeout: 3000, ie.forceCreateProcessApi: false, ignoreProtectedModeSettings: false, ignoreZoomSetting: false, initialBrowserUrl: http://localhost:18794/, nativeEvents: true, requireWindowFocus: false}, setWindowRect: true, timeouts: {implicit: 0, pageLoad: 300000, script: 30000}}
Session ID: 415fce85-712b-4087-b951-71c5a2d6d0ed
*** Element info: {Using=xpath, value=//a[text()=&apos;Add to Cart &apos;]}
	at sun.reflect.NativeConstructorAccessorImpl.newInstance0(Native Method)
	at sun.reflect.NativeConstructorAccessorImpl.newInstance(NativeConstructorAccessorImpl.java:62)
	at sun.reflect.DelegatingConstructorAccessorImpl.newInstance(DelegatingConstructorAccessorImpl.java:45)
	at java.lang.reflect.Constructor.newInstance(Constructor.java:423)
	at org.openqa.selenium.remote.http.W3CHttpResponseCodec.createException(W3CHttpResponseCodec.java:187)
	at org.openqa.selenium.remote.http.W3CHttpResponseCodec.decode(W3CHttpResponseCodec.java:122)
	at org.openqa.selenium.remote.http.W3CHttpResponseCodec.decode(W3CHttpResponseCodec.java:49)
	at org.openqa.selenium.remote.HttpCommandExecutor.execute(HttpCommandExecutor.java:158)
	at org.openqa.selenium.remote.service.DriverCommandExecutor.execute(DriverCommandExecutor.java:83)
	at org.openqa.selenium.remote.RemoteWebDriver.execute(RemoteWebDriver.java:545)
	at org.openqa.selenium.remote.RemoteWebDriver.findElement(RemoteWebDriver.java:319)
	at org.openqa.selenium.remote.RemoteWebDriver.findElementByXPath(RemoteWebDriver.java:421)
	at org.openqa.selenium.By$ByXPath.findElement(By.java:361)
	at org.openqa.selenium.remote.RemoteWebDriver.findElement(RemoteWebDriver.java:311)
	at pageObjects.StandardsCatalog.getCartBtnNew(StandardsCatalog.java:31)
	at smokeTestIE.ValidateSmokeTest.ValidateStandardsCatalogDetail(ValidateSmokeTest.java:504)
	at sun.reflect.NativeMethodAccessorImpl.invoke0(Native Method)
	at sun.reflect.NativeMethodAccessorImpl.invoke(NativeMethodAccessorImpl.java:62)
	at sun.reflect.DelegatingMethodAccessorImpl.invoke(DelegatingMethodAccessorImpl.java:43)
	at java.lang.reflect.Method.invoke(Method.java:498)
	at org.testng.internal.MethodInvocationHelper.invokeMethod(MethodInvocationHelper.java:124)
	at org.testng.internal.Invoker.invokeMethod(Invoker.java:580)
	at org.testng.internal.Invoker.invokeTestMethod(Invoker.java:716)
	at org.testng.internal.Invoker.invokeTestMethods(Invoker.java:988)
	at org.testng.internal.TestMethodWorker.invokeTestMethods(TestMethodWorker.java:125)
	at org.testng.internal.TestMethodWorker.run(TestMethodWorker.java:109)
	at org.testng.TestRunner.privateRun(TestRunner.java:648)
	at org.testng.TestRunner.run(TestRunner.java:505)
	at org.testng.SuiteRunner.runTest(SuiteRunner.java:455)
	at org.testng.SuiteRunner.runSequentially(SuiteRunner.java:450)
	at org.testng.SuiteRunner.privateRun(SuiteRunner.java:415)
	at org.testng.SuiteRunner.run(SuiteRunner.java:364)
	at org.testng.SuiteRunnerWorker.runSuite(SuiteRunnerWorker.java:52)
	at org.testng.SuiteRunnerWorker.run(SuiteRunnerWorker.java:84)
	at org.testng.TestNG.runSuitesSequentially(TestNG.java:1208)
	at org.testng.TestNG.runSuitesLocally(TestNG.java:1137)
	at org.testng.TestNG.runSuites(TestNG.java:1049)
	at org.testng.TestNG.run(TestNG.java:1017)
	at org.apache.maven.surefire.testng.TestNGExecutor.run(TestNGExecutor.java:283)
	at org.apache.maven.surefire.testng.TestNGXmlTestSuite.execute(TestNGXmlTestSuite.java:75)
	at org.apache.maven.surefire.testng.TestNGProvider.invoke(TestNGProvider.java:120)
	at org.apache.maven.surefire.booter.ForkedBooter.invokeProviderInSameClassLoader(ForkedBooter.java:379)
	at org.apache.maven.surefire.booter.ForkedBooter.runSuitesInProcess(ForkedBooter.java:340)
	at org.apache.maven.surefire.booter.ForkedBooter.execute(ForkedBooter.java:125)
	at org.apache.maven.surefire.booter.ForkedBooter.main(ForkedBooter.java:413)
</pre></div></td>
<td>33</td>
<td>smokeTestIE.ValidateSmokeTest@1e730495</td></tr>
</table><p>
<table width='100%' border='1' class='invocation-passed'>
<tr><td colspan='4' align='center'><b>PASSED TESTS</b></td></tr>
<tr><td><b>Test method</b></td>
<td width="30%"><b>Exception</b></td>
<td width="10%"><b>Time (seconds)</b></td>
<td><b>Instance</b></td>
</tr>
<tr>
<td title='smokeTestIE.ValidateSmokeTest.ValidateAllProduct()'><b>ValidateAllProduct</b><br>Test class: smokeTestIE.ValidateSmokeTest</td>
<td></td>
<td>32</td>
<td>smokeTestIE.ValidateSmokeTest@1e730495</td></tr>
<tr>
<td title='smokeTestIE.ValidateSmokeTest.ValidateAudioCablesCategory()'><b>ValidateAudioCablesCategory</b><br>Test class: smokeTestIE.ValidateSmokeTest</td>
<td></td>
<td>29</td>
<td>smokeTestIE.ValidateSmokeTest@1e730495</td></tr>
<tr>
<td title='smokeTestIE.ValidateSmokeTest.ValidateCalendarPage()'><b>ValidateCalendarPage</b><br>Test class: smokeTestIE.ValidateSmokeTest</td>
<td></td>
<td>29</td>
<td>smokeTestIE.ValidateSmokeTest@1e730495</td></tr>
<tr>
<td title='smokeTestIE.ValidateSmokeTest.ValidateCartPage()'><b>ValidateCartPage</b><br>Test class: smokeTestIE.ValidateSmokeTest</td>
<td></td>
<td>7</td>
<td>smokeTestIE.ValidateSmokeTest@1e730495</td></tr>
<tr>
<td title='smokeTestIE.ValidateSmokeTest.ValidateComparePage()'><b>ValidateComparePage</b><br>Test class: smokeTestIE.ValidateSmokeTest</td>
<td></td>
<td>46</td>
<td>smokeTestIE.ValidateSmokeTest@1e730495</td></tr>
<tr>
<td title='smokeTestIE.ValidateSmokeTest.ValidateFavoriteIcon()'><b>ValidateFavoriteIcon</b><br>Test class: smokeTestIE.ValidateSmokeTest</td>
<td></td>
<td>40</td>
<td>smokeTestIE.ValidateSmokeTest@1e730495</td></tr>
<tr>
<td title='smokeTestIE.ValidateSmokeTest.ValidateFooterLinks()'><b>ValidateFooterLinks</b><br>Test class: smokeTestIE.ValidateSmokeTest</td>
<td></td>
<td>87</td>
<td>smokeTestIE.ValidateSmokeTest@1e730495</td></tr>
<tr>
<td title='smokeTestIE.ValidateSmokeTest.ValidateFooterLogo()'><b>ValidateFooterLogo</b><br>Test class: smokeTestIE.ValidateSmokeTest</td>
<td></td>
<td>4</td>
<td>smokeTestIE.ValidateSmokeTest@1e730495</td></tr>
<tr>
<td title='smokeTestIE.ValidateSmokeTest.ValidateHeaderLogo()'><b>ValidateHeaderLogo</b><br>Test class: smokeTestIE.ValidateSmokeTest</td>
<td></td>
<td>13</td>
<td>smokeTestIE.ValidateSmokeTest@1e730495</td></tr>
<tr>
<td title='smokeTestIE.ValidateSmokeTest.ValidateLogin()'><b>ValidateLogin</b><br>Test class: smokeTestIE.ValidateSmokeTest</td>
<td></td>
<td>59</td>
<td>smokeTestIE.ValidateSmokeTest@1e730495</td></tr>
<tr>
<td title='smokeTestIE.ValidateSmokeTest.ValidateMyProfNavigation()'><b>ValidateMyProfNavigation</b><br>Test class: smokeTestIE.ValidateSmokeTest</td>
<td></td>
<td>29</td>
<td>smokeTestIE.ValidateSmokeTest@1e730495</td></tr>
<tr>
<td title='smokeTestIE.ValidateSmokeTest.ValidatePAEmail()'><b>ValidatePAEmail</b><br>Test class: smokeTestIE.ValidateSmokeTest</td>
<td></td>
<td>6</td>
<td>smokeTestIE.ValidateSmokeTest@1e730495</td></tr>
<tr>
<td title='smokeTestIE.ValidateSmokeTest.ValidatePDP()'><b>ValidatePDP</b><br>Test class: smokeTestIE.ValidateSmokeTest</td>
<td></td>
<td>23</td>
<td>smokeTestIE.ValidateSmokeTest@1e730495</td></tr>
<tr>
<td title='smokeTestIE.ValidateSmokeTest.ValidatePurchaseAnalysisPage()'><b>ValidatePurchaseAnalysisPage</b><br>Test class: smokeTestIE.ValidateSmokeTest</td>
<td></td>
<td>35</td>
<td>smokeTestIE.ValidateSmokeTest@1e730495</td></tr>
<tr>
<td title='smokeTestIE.ValidateSmokeTest.ValidateResources()'><b>ValidateResources</b><br>Test class: smokeTestIE.ValidateSmokeTest</td>
<td></td>
<td>36</td>
<td>smokeTestIE.ValidateSmokeTest@1e730495</td></tr>
<tr>
<td title='smokeTestIE.ValidateSmokeTest.ValidateSavedReports()'><b>ValidateSavedReports</b><br>Test class: smokeTestIE.ValidateSmokeTest</td>
<td></td>
<td>24</td>
<td>smokeTestIE.ValidateSmokeTest@1e730495</td></tr>
<tr>
<td title='smokeTestIE.ValidateSmokeTest.ValidateSearching()'><b>ValidateSearching</b><br>Test class: smokeTestIE.ValidateSmokeTest</td>
<td></td>
<td>21</td>
<td>smokeTestIE.ValidateSmokeTest@1e730495</td></tr>
<tr>
<td title='smokeTestIE.ValidateSmokeTest.ValidateSpecialOffer()'><b>ValidateSpecialOffer</b><br>Test class: smokeTestIE.ValidateSmokeTest</td>
<td></td>
<td>15</td>
<td>smokeTestIE.ValidateSmokeTest@1e730495</td></tr>
<tr>
<td title='smokeTestIE.ValidateSmokeTest.ValidateStandardsCatalog()'><b>ValidateStandardsCatalog</b><br>Test class: smokeTestIE.ValidateSmokeTest</td>
<td></td>
<td>11</td>
<td>smokeTestIE.ValidateSmokeTest@1e730495</td></tr>
<tr>
<td title='smokeTestIE.ValidateSmokeTest.ValidateTrackpage()'><b>ValidateTrackpage</b><br>Test class: smokeTestIE.ValidateSmokeTest</td>
<td></td>
<td>34</td>
<td>smokeTestIE.ValidateSmokeTest@1e730495</td></tr>
<tr>
<td title='smokeTestIE.ValidateSmokeTest.ValidateordersPage()'><b>ValidateordersPage</b><br>Test class: smokeTestIE.ValidateSmokeTest</td>
<td></td>
<td>21</td>
<td>smokeTestIE.ValidateSmokeTest@1e730495</td></tr>
</table><p>
</body>
</html>