<?xml version="1.0" encoding="UTF-8"?>
<!-- Generated by org.testng.reporters.JUnitXMLReporter -->
<testsuite hostname="DESKTOP-B75F35K" ignored="8" name="ValidateSmokeTests" tests="23" failures="2" timestamp="15 May 2018 03:55:29 GMT" time="656.391" errors="0">
  <testcase name="ValidateLogin" time="59.567" classname="smokeTestIE.ValidateSmokeTest"/>
  <testcase name="ValidateFavoriteIcon" time="40.652" classname="smokeTestIE.ValidateSmokeTest"/>
  <testcase name="ValidateSearching" time="21.935" classname="smokeTestIE.ValidateSmokeTest"/>
  <testcase name="ValidatePDP" time="23.269" classname="smokeTestIE.ValidateSmokeTest"/>
  <testcase name="ValidateRecentViewLink" time="10.209" classname="smokeTestIE.ValidateSmokeTest">
    <failure type="org.openqa.selenium.NoSuchElementException" message="Unable to find element with link text == See all recently viewed
For documentation on this error, please visit: http://seleniumhq.org/exceptions/no_such_element.html
Build info: version: &amp;apos;3.11.0&amp;apos;, revision: &amp;apos;e59cfb3&amp;apos;, time: &amp;apos;2018-03-11T20:26:55.152Z&amp;apos;
System info: host: &amp;apos;DESKTOP-B75F35K&amp;apos;, ip: &amp;apos;10.0.2.15&amp;apos;, os.name: &amp;apos;Windows 10&amp;apos;, os.arch: &amp;apos;amd64&amp;apos;, os.version: &amp;apos;10.0&amp;apos;, java.version: &amp;apos;1.8.0_171&amp;apos;
Driver info: org.openqa.selenium.ie.InternetExplorerDriver
Capabilities {acceptInsecureCerts: false, browserName: internet explorer, browserVersion: 11, javascriptEnabled: true, pageLoadStrategy: normal, platform: WINDOWS, platformName: WINDOWS, proxy: Proxy(), se:ieOptions: {browserAttachTimeout: 0, elementScrollBehavior: 0, enablePersistentHover: true, ie.browserCommandLineSwitches: , ie.ensureCleanSession: false, ie.fileUploadDialogTimeout: 3000, ie.forceCreateProcessApi: false, ignoreProtectedModeSettings: false, ignoreZoomSetting: false, initialBrowserUrl: http://localhost:18794/, nativeEvents: true, requireWindowFocus: false}, setWindowRect: true, timeouts: {implicit: 0, pageLoad: 300000, script: 30000}}
Session ID: 415fce85-712b-4087-b951-71c5a2d6d0ed
*** Element info: {Using=link text, value=See all recently viewed}">
      <![CDATA[org.openqa.selenium.NoSuchElementException: Unable to find element with link text == See all recently viewed
For documentation on this error, please visit: http://seleniumhq.org/exceptions/no_such_element.html
Build info: version: '3.11.0', revision: 'e59cfb3', time: '2018-03-11T20:26:55.152Z'
System info: host: 'DESKTOP-B75F35K', ip: '10.0.2.15', os.name: 'Windows 10', os.arch: 'amd64', os.version: '10.0', java.version: '1.8.0_171'
Driver info: org.openqa.selenium.ie.InternetExplorerDriver
Capabilities {acceptInsecureCerts: false, browserName: internet explorer, browserVersion: 11, javascriptEnabled: true, pageLoadStrategy: normal, platform: WINDOWS, platformName: WINDOWS, proxy: Proxy(), se:ieOptions: {browserAttachTimeout: 0, elementScrollBehavior: 0, enablePersistentHover: true, ie.browserCommandLineSwitches: , ie.ensureCleanSession: false, ie.fileUploadDialogTimeout: 3000, ie.forceCreateProcessApi: false, ignoreProtectedModeSettings: false, ignoreZoomSetting: false, initialBrowserUrl: http://localhost:18794/, nativeEvents: true, requireWindowFocus: false}, setWindowRect: true, timeouts: {implicit: 0, pageLoad: 300000, script: 30000}}
Session ID: 415fce85-712b-4087-b951-71c5a2d6d0ed
*** Element info: {Using=link text, value=See all recently viewed}
at org.openqa.selenium.remote.http.W3CHttpResponseCodec.createException(W3CHttpResponseCodec.java:187)
at org.openqa.selenium.remote.http.W3CHttpResponseCodec.decode(W3CHttpResponseCodec.java:122)
at org.openqa.selenium.remote.http.W3CHttpResponseCodec.decode(W3CHttpResponseCodec.java:49)
at org.openqa.selenium.remote.HttpCommandExecutor.execute(HttpCommandExecutor.java:158)
at org.openqa.selenium.remote.service.DriverCommandExecutor.execute(DriverCommandExecutor.java:83)
at org.openqa.selenium.remote.RemoteWebDriver.execute(RemoteWebDriver.java:545)
at org.openqa.selenium.remote.RemoteWebDriver.findElement(RemoteWebDriver.java:319)
at org.openqa.selenium.remote.RemoteWebDriver.findElementByLinkText(RemoteWebDriver.java:373)
at org.openqa.selenium.By$ByLinkText.findElement(By.java:246)
at org.openqa.selenium.remote.RemoteWebDriver.findElement(RemoteWebDriver.java:311)
at pageObjects.FavouritePage.getRecentlyViewed(FavouritePage.java:58)
at smokeTestIE.ValidateSmokeTest.ValidateRecentViewLink(ValidateSmokeTest.java:359)
... Removed 33 stack frames]]>
    </failure>
  </testcase> <!-- ValidateRecentViewLink -->
  <testcase name="ValidateFooterLogo" time="4.857" classname="smokeTestIE.ValidateSmokeTest"/>
  <testcase name="ValidateMyProfNavigation" time="29.006" classname="smokeTestIE.ValidateSmokeTest"/>
  <testcase name="ValidateHeaderLogo" time="13.344" classname="smokeTestIE.ValidateSmokeTest"/>
  <testcase name="ValidateStandardsCatalog" time="11.267" classname="smokeTestIE.ValidateSmokeTest"/>
  <testcase name="ValidateStandardsCatalogDetail" time="33.231" classname="smokeTestIE.ValidateSmokeTest">
    <failure type="org.openqa.selenium.NoSuchElementException" message="Unable to find element with xpath == //a[text()=&amp;apos;Add to Cart &amp;apos;]
For documentation on this error, please visit: http://seleniumhq.org/exceptions/no_such_element.html
Build info: version: &amp;apos;3.11.0&amp;apos;, revision: &amp;apos;e59cfb3&amp;apos;, time: &amp;apos;2018-03-11T20:26:55.152Z&amp;apos;
System info: host: &amp;apos;DESKTOP-B75F35K&amp;apos;, ip: &amp;apos;10.0.2.15&amp;apos;, os.name: &amp;apos;Windows 10&amp;apos;, os.arch: &amp;apos;amd64&amp;apos;, os.version: &amp;apos;10.0&amp;apos;, java.version: &amp;apos;1.8.0_171&amp;apos;
Driver info: org.openqa.selenium.ie.InternetExplorerDriver
Capabilities {acceptInsecureCerts: false, browserName: internet explorer, browserVersion: 11, javascriptEnabled: true, pageLoadStrategy: normal, platform: WINDOWS, platformName: WINDOWS, proxy: Proxy(), se:ieOptions: {browserAttachTimeout: 0, elementScrollBehavior: 0, enablePersistentHover: true, ie.browserCommandLineSwitches: , ie.ensureCleanSession: false, ie.fileUploadDialogTimeout: 3000, ie.forceCreateProcessApi: false, ignoreProtectedModeSettings: false, ignoreZoomSetting: false, initialBrowserUrl: http://localhost:18794/, nativeEvents: true, requireWindowFocus: false}, setWindowRect: true, timeouts: {implicit: 0, pageLoad: 300000, script: 30000}}
Session ID: 415fce85-712b-4087-b951-71c5a2d6d0ed
*** Element info: {Using=xpath, value=//a[text()=&amp;apos;Add to Cart &amp;apos;]}">
      <![CDATA[org.openqa.selenium.NoSuchElementException: Unable to find element with xpath == //a[text()='Add to Cart ']
For documentation on this error, please visit: http://seleniumhq.org/exceptions/no_such_element.html
Build info: version: '3.11.0', revision: 'e59cfb3', time: '2018-03-11T20:26:55.152Z'
System info: host: 'DESKTOP-B75F35K', ip: '10.0.2.15', os.name: 'Windows 10', os.arch: 'amd64', os.version: '10.0', java.version: '1.8.0_171'
Driver info: org.openqa.selenium.ie.InternetExplorerDriver
Capabilities {acceptInsecureCerts: false, browserName: internet explorer, browserVersion: 11, javascriptEnabled: true, pageLoadStrategy: normal, platform: WINDOWS, platformName: WINDOWS, proxy: Proxy(), se:ieOptions: {browserAttachTimeout: 0, elementScrollBehavior: 0, enablePersistentHover: true, ie.browserCommandLineSwitches: , ie.ensureCleanSession: false, ie.fileUploadDialogTimeout: 3000, ie.forceCreateProcessApi: false, ignoreProtectedModeSettings: false, ignoreZoomSetting: false, initialBrowserUrl: http://localhost:18794/, nativeEvents: true, requireWindowFocus: false}, setWindowRect: true, timeouts: {implicit: 0, pageLoad: 300000, script: 30000}}
Session ID: 415fce85-712b-4087-b951-71c5a2d6d0ed
*** Element info: {Using=xpath, value=//a[text()='Add to Cart ']}
at org.openqa.selenium.remote.http.W3CHttpResponseCodec.createException(W3CHttpResponseCodec.java:187)
at org.openqa.selenium.remote.http.W3CHttpResponseCodec.decode(W3CHttpResponseCodec.java:122)
at org.openqa.selenium.remote.http.W3CHttpResponseCodec.decode(W3CHttpResponseCodec.java:49)
at org.openqa.selenium.remote.HttpCommandExecutor.execute(HttpCommandExecutor.java:158)
at org.openqa.selenium.remote.service.DriverCommandExecutor.execute(DriverCommandExecutor.java:83)
at org.openqa.selenium.remote.RemoteWebDriver.execute(RemoteWebDriver.java:545)
at org.openqa.selenium.remote.RemoteWebDriver.findElement(RemoteWebDriver.java:319)
at org.openqa.selenium.remote.RemoteWebDriver.findElementByXPath(RemoteWebDriver.java:421)
at org.openqa.selenium.By$ByXPath.findElement(By.java:361)
at org.openqa.selenium.remote.RemoteWebDriver.findElement(RemoteWebDriver.java:311)
at pageObjects.StandardsCatalog.getCartBtnNew(StandardsCatalog.java:31)
at smokeTestIE.ValidateSmokeTest.ValidateStandardsCatalogDetail(ValidateSmokeTest.java:504)
... Removed 33 stack frames]]>
    </failure>
  </testcase> <!-- ValidateStandardsCatalogDetail -->
  <testcase name="ValidateAllProduct" time="32.447" classname="smokeTestIE.ValidateSmokeTest"/>
  <testcase name="ValidateAudioCablesCategory" time="29.086" classname="smokeTestIE.ValidateSmokeTest"/>
  <testcase name="ValidateResources" time="36.874" classname="smokeTestIE.ValidateSmokeTest"/>
  <testcase name="ValidateSpecialOffer" time="15.862" classname="smokeTestIE.ValidateSmokeTest"/>
  <testcase name="ValidateCartPage" time="7.434" classname="smokeTestIE.ValidateSmokeTest"/>
  <testcase name="ValidateFooterLinks" time="87.235" classname="smokeTestIE.ValidateSmokeTest"/>
  <testcase name="ValidateTrackpage" time="34.842" classname="smokeTestIE.ValidateSmokeTest"/>
  <testcase name="ValidateordersPage" time="21.783" classname="smokeTestIE.ValidateSmokeTest"/>
  <testcase name="ValidatePurchaseAnalysisPage" time="35.105" classname="smokeTestIE.ValidateSmokeTest"/>
  <testcase name="ValidatePAEmail" time="6.929" classname="smokeTestIE.ValidateSmokeTest"/>
  <testcase name="ValidateCalendarPage" time="29.312" classname="smokeTestIE.ValidateSmokeTest"/>
  <testcase name="ValidateSavedReports" time="24.582" classname="smokeTestIE.ValidateSmokeTest"/>
  <testcase name="ValidateComparePage" time="46.243" classname="smokeTestIE.ValidateSmokeTest"/>
  <testcase name="ValidateAddTofavorites" time="0.0" classname="smokeTestIE.ValidateSmokeTest">
    <ignored/>
  </testcase> <!-- ValidateAddTofavorites -->
  <testcase name="ValidateAddToCart" time="0.0" classname="smokeTestIE.ValidateSmokeTest">
    <ignored/>
  </testcase> <!-- ValidateAddToCart -->
  <testcase name="ValidateCheckoutFooterLogo" time="0.0" classname="smokeTestIE.ValidateSmokeTest">
    <ignored/>
  </testcase> <!-- ValidateCheckoutFooterLogo -->
  <testcase name="ValidateCheckoutProcess" time="0.0" classname="smokeTestIE.ValidateSmokeTest">
    <ignored/>
  </testcase> <!-- ValidateCheckoutProcess -->
  <testcase name="ValidateRemoveFromCart" time="0.0" classname="smokeTestIE.ValidateSmokeTest">
    <ignored/>
  </testcase> <!-- ValidateRemoveFromCart -->
  <testcase name="ValidateCalendarLinks" time="0.0" classname="smokeTestIE.ValidateSmokeTest">
    <ignored/>
  </testcase> <!-- ValidateCalendarLinks -->
  <testcase name="ValidateAllReportsLinks" time="0.0" classname="smokeTestIE.ValidateSmokeTest">
    <ignored/>
  </testcase> <!-- ValidateAllReportsLinks -->
  <testcase name="ValidateCheckoutHeaderLogo" time="0.0" classname="smokeTestIE.ValidateSmokeTest">
    <ignored/>
  </testcase> <!-- ValidateCheckoutHeaderLogo -->
</testsuite> <!-- ValidateSmokeTests -->
