<?xml version="1.0" encoding="UTF-8"?>
<testng-results ignored="0" total="31" passed="28" failed="3" skipped="0">
  <reporter-output>
  </reporter-output>
  <suite started-at="2018-04-17T03:22:25Z" name="SmokeTestSuite" finished-at="2018-04-17T03:41:52Z" duration-ms="1167450">
    <groups>
    </groups>
    <test started-at="2018-04-17T03:22:25Z" name="ValidateSmokeTests" finished-at="2018-04-17T03:41:52Z" duration-ms="1167450">
      <class name="smokeTestIE.ValidateSmokeTest">
        <test-method signature="ValidateLogin()[pri:0, instance:smokeTestIE.ValidateSmokeTest@6c0d9d86]" started-at="2018-04-17T03:22:25Z" name="ValidateLogin" finished-at="2018-04-17T03:23:14Z" duration-ms="49204" status="PASS">
          <reporter-output>
          </reporter-output>
        </test-method> <!-- ValidateLogin -->
        <test-method signature="ValidateFavoriteIcon()[pri:1, instance:smokeTestIE.ValidateSmokeTest@6c0d9d86]" started-at="2018-04-17T03:23:14Z" name="ValidateFavoriteIcon" finished-at="2018-04-17T03:24:32Z" duration-ms="78423" status="PASS">
          <reporter-output>
          </reporter-output>
        </test-method> <!-- ValidateFavoriteIcon -->
        <test-method signature="ValidateSearching()[pri:2, instance:smokeTestIE.ValidateSmokeTest@6c0d9d86]" started-at="2018-04-17T03:24:32Z" name="ValidateSearching" finished-at="2018-04-17T03:24:54Z" duration-ms="21909" status="PASS">
          <reporter-output>
          </reporter-output>
        </test-method> <!-- ValidateSearching -->
        <test-method signature="ValidateAddToCart()[pri:3, instance:smokeTestIE.ValidateSmokeTest@6c0d9d86]" started-at="2018-04-17T03:24:54Z" name="ValidateAddToCart" finished-at="2018-04-17T03:25:36Z" duration-ms="41390" status="PASS">
          <reporter-output>
          </reporter-output>
        </test-method> <!-- ValidateAddToCart -->
        <test-method signature="ValidateAddTofavorites()[pri:4, instance:smokeTestIE.ValidateSmokeTest@6c0d9d86]" started-at="2018-04-17T03:25:36Z" name="ValidateAddTofavorites" finished-at="2018-04-17T03:25:40Z" duration-ms="4922" status="PASS">
          <reporter-output>
          </reporter-output>
        </test-method> <!-- ValidateAddTofavorites -->
        <test-method signature="ValidatePDP()[pri:5, instance:smokeTestIE.ValidateSmokeTest@6c0d9d86]" started-at="2018-04-17T03:25:40Z" name="ValidatePDP" finished-at="2018-04-17T03:26:25Z" duration-ms="44329" status="PASS">
          <reporter-output>
          </reporter-output>
        </test-method> <!-- ValidatePDP -->
        <test-method signature="ValidateRecentViewLink()[pri:6, instance:smokeTestIE.ValidateSmokeTest@6c0d9d86]" started-at="2018-04-17T03:26:25Z" name="ValidateRecentViewLink" finished-at="2018-04-17T03:27:01Z" duration-ms="36576" status="PASS">
          <reporter-output>
          </reporter-output>
        </test-method> <!-- ValidateRecentViewLink -->
        <test-method signature="ValidateFooterLogo()[pri:7, instance:smokeTestIE.ValidateSmokeTest@6c0d9d86]" started-at="2018-04-17T03:27:01Z" name="ValidateFooterLogo" finished-at="2018-04-17T03:27:22Z" duration-ms="20360" status="PASS">
          <reporter-output>
          </reporter-output>
        </test-method> <!-- ValidateFooterLogo -->
        <test-method signature="ValidateMyProfNavigation()[pri:8, instance:smokeTestIE.ValidateSmokeTest@6c0d9d86]" started-at="2018-04-17T03:27:22Z" name="ValidateMyProfNavigation" finished-at="2018-04-17T03:28:12Z" duration-ms="49911" status="PASS">
          <reporter-output>
          </reporter-output>
        </test-method> <!-- ValidateMyProfNavigation -->
        <test-method signature="ValidateHeaderLogo()[pri:9, instance:smokeTestIE.ValidateSmokeTest@6c0d9d86]" started-at="2018-04-17T03:28:12Z" name="ValidateHeaderLogo" finished-at="2018-04-17T03:28:32Z" duration-ms="20603" status="PASS">
          <reporter-output>
          </reporter-output>
        </test-method> <!-- ValidateHeaderLogo -->
        <test-method signature="ValidateStandardsCatalog()[pri:10, instance:smokeTestIE.ValidateSmokeTest@6c0d9d86]" started-at="2018-04-17T03:28:32Z" name="ValidateStandardsCatalog" finished-at="2018-04-17T03:29:00Z" duration-ms="27361" status="PASS">
          <reporter-output>
          </reporter-output>
        </test-method> <!-- ValidateStandardsCatalog -->
        <test-method signature="ValidateStandardsCatalogDetail()[pri:11, instance:smokeTestIE.ValidateSmokeTest@6c0d9d86]" started-at="2018-04-17T03:29:00Z" name="ValidateStandardsCatalogDetail" finished-at="2018-04-17T03:29:50Z" duration-ms="50826" status="PASS">
          <reporter-output>
          </reporter-output>
        </test-method> <!-- ValidateStandardsCatalogDetail -->
        <test-method signature="ValidateAllProduct()[pri:12, instance:smokeTestIE.ValidateSmokeTest@6c0d9d86]" started-at="2018-04-17T03:29:50Z" name="ValidateAllProduct" finished-at="2018-04-17T03:30:20Z" duration-ms="29817" status="PASS">
          <reporter-output>
          </reporter-output>
        </test-method> <!-- ValidateAllProduct -->
        <test-method signature="ValidateAudioCablesCategory()[pri:13, instance:smokeTestIE.ValidateSmokeTest@6c0d9d86]" started-at="2018-04-17T03:30:20Z" name="ValidateAudioCablesCategory" finished-at="2018-04-17T03:30:32Z" duration-ms="11291" status="FAIL">
          <exception class="java.lang.AssertionError">
            <message>
              <![CDATA[expected [Audio Cables - MarkITplace] but found [All Products - MarkITplace]]]>
            </message>
            <full-stacktrace>
              <![CDATA[java.lang.AssertionError: expected [Audio Cables - MarkITplace] but found [All Products - MarkITplace]
at org.testng.Assert.fail(Assert.java:96)
at org.testng.Assert.failNotEquals(Assert.java:776)
at org.testng.Assert.assertEqualsImpl(Assert.java:137)
at org.testng.Assert.assertEquals(Assert.java:118)
at org.testng.Assert.assertEquals(Assert.java:453)
at org.testng.Assert.assertEquals(Assert.java:463)
at smokeTestIE.ValidateSmokeTest.ValidateAudioCablesCategory(ValidateSmokeTest.java:552)
at java.base/jdk.internal.reflect.NativeMethodAccessorImpl.invoke0(Native Method)
at java.base/jdk.internal.reflect.NativeMethodAccessorImpl.invoke(NativeMethodAccessorImpl.java:62)
at java.base/jdk.internal.reflect.DelegatingMethodAccessorImpl.invoke(DelegatingMethodAccessorImpl.java:43)
at java.base/java.lang.reflect.Method.invoke(Method.java:564)
at org.testng.internal.MethodInvocationHelper.invokeMethod(MethodInvocationHelper.java:124)
at org.testng.internal.Invoker.invokeMethod(Invoker.java:580)
at org.testng.internal.Invoker.invokeTestMethod(Invoker.java:716)
at org.testng.internal.Invoker.invokeTestMethods(Invoker.java:988)
at org.testng.internal.TestMethodWorker.invokeTestMethods(TestMethodWorker.java:125)
at org.testng.internal.TestMethodWorker.run(TestMethodWorker.java:109)
at org.testng.TestRunner.privateRun(TestRunner.java:648)
at org.testng.TestRunner.run(TestRunner.java:505)
at org.testng.SuiteRunner.runTest(SuiteRunner.java:455)
at org.testng.SuiteRunner.runSequentially(SuiteRunner.java:450)
at org.testng.SuiteRunner.privateRun(SuiteRunner.java:415)
at org.testng.SuiteRunner.run(SuiteRunner.java:364)
at org.testng.SuiteRunnerWorker.runSuite(SuiteRunnerWorker.java:52)
at org.testng.SuiteRunnerWorker.run(SuiteRunnerWorker.java:84)
at org.testng.TestNG.runSuitesSequentially(TestNG.java:1208)
at org.testng.TestNG.runSuitesLocally(TestNG.java:1137)
at org.testng.TestNG.runSuites(TestNG.java:1049)
at org.testng.TestNG.run(TestNG.java:1017)
at org.apache.maven.surefire.testng.TestNGExecutor.run(TestNGExecutor.java:283)
at org.apache.maven.surefire.testng.TestNGXmlTestSuite.execute(TestNGXmlTestSuite.java:75)
at org.apache.maven.surefire.testng.TestNGProvider.invoke(TestNGProvider.java:120)
at org.apache.maven.surefire.booter.ForkedBooter.invokeProviderInSameClassLoader(ForkedBooter.java:379)
at org.apache.maven.surefire.booter.ForkedBooter.runSuitesInProcess(ForkedBooter.java:340)
at org.apache.maven.surefire.booter.ForkedBooter.execute(ForkedBooter.java:125)
at org.apache.maven.surefire.booter.ForkedBooter.main(ForkedBooter.java:413)
]]>
            </full-stacktrace>
          </exception> <!-- java.lang.AssertionError -->
          <reporter-output>
          </reporter-output>
        </test-method> <!-- ValidateAudioCablesCategory -->
        <test-method signature="ValidateResources()[pri:14, instance:smokeTestIE.ValidateSmokeTest@6c0d9d86]" started-at="2018-04-17T03:30:52Z" name="ValidateResources" finished-at="2018-04-17T03:31:21Z" duration-ms="28967" status="PASS">
          <reporter-output>
          </reporter-output>
        </test-method> <!-- ValidateResources -->
        <test-method signature="ValidateSpecialOffer()[pri:15, instance:smokeTestIE.ValidateSmokeTest@6c0d9d86]" started-at="2018-04-17T03:31:21Z" name="ValidateSpecialOffer" finished-at="2018-04-17T03:31:41Z" duration-ms="19793" status="PASS">
          <reporter-output>
          </reporter-output>
        </test-method> <!-- ValidateSpecialOffer -->
        <test-method signature="ValidateCartPage()[pri:16, instance:smokeTestIE.ValidateSmokeTest@6c0d9d86]" started-at="2018-04-17T03:31:41Z" name="ValidateCartPage" finished-at="2018-04-17T03:31:56Z" duration-ms="14592" status="PASS">
          <reporter-output>
          </reporter-output>
        </test-method> <!-- ValidateCartPage -->
        <test-method signature="ValidateRemoveFromCart()[pri:17, instance:smokeTestIE.ValidateSmokeTest@6c0d9d86]" started-at="2018-04-17T03:31:56Z" name="ValidateRemoveFromCart" finished-at="2018-04-17T03:32:05Z" duration-ms="9151" status="PASS">
          <reporter-output>
          </reporter-output>
        </test-method> <!-- ValidateRemoveFromCart -->
        <test-method signature="ValidateCheckoutProcess()[pri:18, instance:smokeTestIE.ValidateSmokeTest@6c0d9d86]" started-at="2018-04-17T03:32:05Z" name="ValidateCheckoutProcess" finished-at="2018-04-17T03:32:54Z" duration-ms="48696" status="PASS">
          <reporter-output>
          </reporter-output>
        </test-method> <!-- ValidateCheckoutProcess -->
        <test-method signature="ValidateCheckoutHeaderLogo()[pri:19, instance:smokeTestIE.ValidateSmokeTest@6c0d9d86]" started-at="2018-04-17T03:32:54Z" name="ValidateCheckoutHeaderLogo" finished-at="2018-04-17T03:33:16Z" duration-ms="22269" status="PASS">
          <reporter-output>
          </reporter-output>
        </test-method> <!-- ValidateCheckoutHeaderLogo -->
        <test-method signature="ValidateCheckoutFooterLogo()[pri:20, instance:smokeTestIE.ValidateSmokeTest@6c0d9d86]" started-at="2018-04-17T03:33:16Z" name="ValidateCheckoutFooterLogo" finished-at="2018-04-17T03:33:32Z" duration-ms="16506" status="PASS">
          <reporter-output>
          </reporter-output>
        </test-method> <!-- ValidateCheckoutFooterLogo -->
        <test-method signature="ValidateFooterLinks()[pri:21, instance:smokeTestIE.ValidateSmokeTest@6c0d9d86]" started-at="2018-04-17T03:33:32Z" name="ValidateFooterLinks" finished-at="2018-04-17T03:35:41Z" duration-ms="129016" status="PASS">
          <reporter-output>
          </reporter-output>
        </test-method> <!-- ValidateFooterLinks -->
        <test-method signature="ValidateTrackpage()[pri:22, instance:smokeTestIE.ValidateSmokeTest@6c0d9d86]" started-at="2018-04-17T03:35:41Z" name="ValidateTrackpage" finished-at="2018-04-17T03:36:17Z" duration-ms="35341" status="PASS">
          <reporter-output>
          </reporter-output>
        </test-method> <!-- ValidateTrackpage -->
        <test-method signature="ValidateordersPage()[pri:23, instance:smokeTestIE.ValidateSmokeTest@6c0d9d86]" started-at="2018-04-17T03:36:17Z" name="ValidateordersPage" finished-at="2018-04-17T03:36:42Z" duration-ms="25023" status="PASS">
          <reporter-output>
          </reporter-output>
        </test-method> <!-- ValidateordersPage -->
        <test-method signature="ValidatePurchaseAnalysisPage()[pri:24, instance:smokeTestIE.ValidateSmokeTest@6c0d9d86]" started-at="2018-04-17T03:36:42Z" name="ValidatePurchaseAnalysisPage" finished-at="2018-04-17T03:37:11Z" duration-ms="28739" status="PASS">
          <reporter-output>
          </reporter-output>
        </test-method> <!-- ValidatePurchaseAnalysisPage -->
        <test-method signature="ValidatePAEmail()[pri:25, instance:smokeTestIE.ValidateSmokeTest@6c0d9d86]" started-at="2018-04-17T03:37:11Z" name="ValidatePAEmail" finished-at="2018-04-17T03:37:14Z" duration-ms="3683" status="PASS">
          <reporter-output>
          </reporter-output>
        </test-method> <!-- ValidatePAEmail -->
        <test-method signature="ValidateCalendarPage()[pri:26, instance:smokeTestIE.ValidateSmokeTest@6c0d9d86]" started-at="2018-04-17T03:37:14Z" name="ValidateCalendarPage" finished-at="2018-04-17T03:37:44Z" duration-ms="29584" status="PASS">
          <reporter-output>
          </reporter-output>
        </test-method> <!-- ValidateCalendarPage -->
        <test-method signature="ValidateCalendarLinks()[pri:27, instance:smokeTestIE.ValidateSmokeTest@6c0d9d86]" started-at="2018-04-17T03:37:44Z" name="ValidateCalendarLinks" finished-at="2018-04-17T03:38:45Z" duration-ms="60991" status="FAIL">
          <exception class="org.openqa.selenium.NoSuchElementException">
            <message>
              <![CDATA[Unable to find element with xpath == //a[@class='tab-link']
For documentation on this error, please visit: http://seleniumhq.org/exceptions/no_such_element.html
Build info: version: '3.11.0', revision: 'e59cfb3', time: '2018-03-11T20:26:55.152Z'
System info: host: 'DESKTOP-GAH683G', ip: '10.0.2.15', os.name: 'Windows 10', os.arch: 'amd64', os.version: '10.0', java.version: '9.0.1'
Driver info: org.openqa.selenium.ie.InternetExplorerDriver
Capabilities {acceptInsecureCerts: false, browserName: internet explorer, browserVersion: 11, javascriptEnabled: true, pageLoadStrategy: normal, platform: WINDOWS, platformName: WINDOWS, se:ieOptions: {browserAttachTimeout: 0, elementScrollBehavior: 0, enablePersistentHover: true, ie.browserCommandLineSwitches: , ie.ensureCleanSession: false, ie.fileUploadDialogTimeout: 3000, ie.forceCreateProcessApi: false, ignoreProtectedModeSettings: false, ignoreZoomSetting: false, initialBrowserUrl: http://localhost:26126/, nativeEvents: true, requireWindowFocus: false}, setWindowRect: true}
Session ID: d186ba43-d38a-4fcf-883b-bdbf37cd6e15
*** Element info: {Using=xpath, value=//a[@class='tab-link']}]]>
            </message>
            <full-stacktrace>
              <![CDATA[org.openqa.selenium.NoSuchElementException: Unable to find element with xpath == //a[@class='tab-link']
For documentation on this error, please visit: http://seleniumhq.org/exceptions/no_such_element.html
Build info: version: '3.11.0', revision: 'e59cfb3', time: '2018-03-11T20:26:55.152Z'
System info: host: 'DESKTOP-GAH683G', ip: '10.0.2.15', os.name: 'Windows 10', os.arch: 'amd64', os.version: '10.0', java.version: '9.0.1'
Driver info: org.openqa.selenium.ie.InternetExplorerDriver
Capabilities {acceptInsecureCerts: false, browserName: internet explorer, browserVersion: 11, javascriptEnabled: true, pageLoadStrategy: normal, platform: WINDOWS, platformName: WINDOWS, se:ieOptions: {browserAttachTimeout: 0, elementScrollBehavior: 0, enablePersistentHover: true, ie.browserCommandLineSwitches: , ie.ensureCleanSession: false, ie.fileUploadDialogTimeout: 3000, ie.forceCreateProcessApi: false, ignoreProtectedModeSettings: false, ignoreZoomSetting: false, initialBrowserUrl: http://localhost:26126/, nativeEvents: true, requireWindowFocus: false}, setWindowRect: true}
Session ID: d186ba43-d38a-4fcf-883b-bdbf37cd6e15
*** Element info: {Using=xpath, value=//a[@class='tab-link']}
at java.base/jdk.internal.reflect.NativeConstructorAccessorImpl.newInstance0(Native Method)
at java.base/jdk.internal.reflect.NativeConstructorAccessorImpl.newInstance(NativeConstructorAccessorImpl.java:62)
at java.base/jdk.internal.reflect.DelegatingConstructorAccessorImpl.newInstance(DelegatingConstructorAccessorImpl.java:45)
at java.base/java.lang.reflect.Constructor.newInstance(Constructor.java:488)
at org.openqa.selenium.remote.http.W3CHttpResponseCodec.createException(W3CHttpResponseCodec.java:187)
at org.openqa.selenium.remote.http.W3CHttpResponseCodec.decode(W3CHttpResponseCodec.java:122)
at org.openqa.selenium.remote.http.W3CHttpResponseCodec.decode(W3CHttpResponseCodec.java:49)
at org.openqa.selenium.remote.HttpCommandExecutor.execute(HttpCommandExecutor.java:158)
at org.openqa.selenium.remote.service.DriverCommandExecutor.execute(DriverCommandExecutor.java:83)
at org.openqa.selenium.remote.RemoteWebDriver.execute(RemoteWebDriver.java:545)
at org.openqa.selenium.remote.RemoteWebDriver.findElement(RemoteWebDriver.java:319)
at org.openqa.selenium.remote.RemoteWebDriver.findElementByXPath(RemoteWebDriver.java:421)
at org.openqa.selenium.By$ByXPath.findElement(By.java:361)
at org.openqa.selenium.remote.RemoteWebDriver.findElement(RemoteWebDriver.java:311)
at smokeTestIE.ValidateSmokeTest.ValidateCalendarLinks(ValidateSmokeTest.java:1003)
at java.base/jdk.internal.reflect.NativeMethodAccessorImpl.invoke0(Native Method)
at java.base/jdk.internal.reflect.NativeMethodAccessorImpl.invoke(NativeMethodAccessorImpl.java:62)
at java.base/jdk.internal.reflect.DelegatingMethodAccessorImpl.invoke(DelegatingMethodAccessorImpl.java:43)
at java.base/java.lang.reflect.Method.invoke(Method.java:564)
at org.testng.internal.MethodInvocationHelper.invokeMethod(MethodInvocationHelper.java:124)
at org.testng.internal.Invoker.invokeMethod(Invoker.java:580)
at org.testng.internal.Invoker.invokeTestMethod(Invoker.java:716)
at org.testng.internal.Invoker.invokeTestMethods(Invoker.java:988)
at org.testng.internal.TestMethodWorker.invokeTestMethods(TestMethodWorker.java:125)
at org.testng.internal.TestMethodWorker.run(TestMethodWorker.java:109)
at org.testng.TestRunner.privateRun(TestRunner.java:648)
at org.testng.TestRunner.run(TestRunner.java:505)
at org.testng.SuiteRunner.runTest(SuiteRunner.java:455)
at org.testng.SuiteRunner.runSequentially(SuiteRunner.java:450)
at org.testng.SuiteRunner.privateRun(SuiteRunner.java:415)
at org.testng.SuiteRunner.run(SuiteRunner.java:364)
at org.testng.SuiteRunnerWorker.runSuite(SuiteRunnerWorker.java:52)
at org.testng.SuiteRunnerWorker.run(SuiteRunnerWorker.java:84)
at org.testng.TestNG.runSuitesSequentially(TestNG.java:1208)
at org.testng.TestNG.runSuitesLocally(TestNG.java:1137)
at org.testng.TestNG.runSuites(TestNG.java:1049)
at org.testng.TestNG.run(TestNG.java:1017)
at org.apache.maven.surefire.testng.TestNGExecutor.run(TestNGExecutor.java:283)
at org.apache.maven.surefire.testng.TestNGXmlTestSuite.execute(TestNGXmlTestSuite.java:75)
at org.apache.maven.surefire.testng.TestNGProvider.invoke(TestNGProvider.java:120)
at org.apache.maven.surefire.booter.ForkedBooter.invokeProviderInSameClassLoader(ForkedBooter.java:379)
at org.apache.maven.surefire.booter.ForkedBooter.runSuitesInProcess(ForkedBooter.java:340)
at org.apache.maven.surefire.booter.ForkedBooter.execute(ForkedBooter.java:125)
at org.apache.maven.surefire.booter.ForkedBooter.main(ForkedBooter.java:413)
]]>
            </full-stacktrace>
          </exception> <!-- org.openqa.selenium.NoSuchElementException -->
          <reporter-output>
          </reporter-output>
        </test-method> <!-- ValidateCalendarLinks -->
        <test-method signature="ValidateAllReportsLinks()[pri:28, instance:smokeTestIE.ValidateSmokeTest@6c0d9d86]" started-at="2018-04-17T03:39:06Z" name="ValidateAllReportsLinks" finished-at="2018-04-17T03:39:23Z" duration-ms="17819" status="FAIL">
          <exception class="org.openqa.selenium.ElementNotInteractableException">
            <message>
              <![CDATA[Cannot click on element
Build info: version: '3.11.0', revision: 'e59cfb3', time: '2018-03-11T20:26:55.152Z'
System info: host: 'DESKTOP-GAH683G', ip: '10.0.2.15', os.name: 'Windows 10', os.arch: 'amd64', os.version: '10.0', java.version: '9.0.1'
Driver info: org.openqa.selenium.ie.InternetExplorerDriver
Capabilities {acceptInsecureCerts: false, browserName: internet explorer, browserVersion: 11, javascriptEnabled: true, pageLoadStrategy: normal, platform: WINDOWS, platformName: WINDOWS, se:ieOptions: {browserAttachTimeout: 0, elementScrollBehavior: 0, enablePersistentHover: true, ie.browserCommandLineSwitches: , ie.ensureCleanSession: false, ie.fileUploadDialogTimeout: 3000, ie.forceCreateProcessApi: false, ignoreProtectedModeSettings: false, ignoreZoomSetting: false, initialBrowserUrl: http://localhost:26126/, nativeEvents: true, requireWindowFocus: false}, setWindowRect: true}
Session ID: d186ba43-d38a-4fcf-883b-bdbf37cd6e15]]>
            </message>
            <full-stacktrace>
              <![CDATA[org.openqa.selenium.ElementNotInteractableException: Cannot click on element
Build info: version: '3.11.0', revision: 'e59cfb3', time: '2018-03-11T20:26:55.152Z'
System info: host: 'DESKTOP-GAH683G', ip: '10.0.2.15', os.name: 'Windows 10', os.arch: 'amd64', os.version: '10.0', java.version: '9.0.1'
Driver info: org.openqa.selenium.ie.InternetExplorerDriver
Capabilities {acceptInsecureCerts: false, browserName: internet explorer, browserVersion: 11, javascriptEnabled: true, pageLoadStrategy: normal, platform: WINDOWS, platformName: WINDOWS, se:ieOptions: {browserAttachTimeout: 0, elementScrollBehavior: 0, enablePersistentHover: true, ie.browserCommandLineSwitches: , ie.ensureCleanSession: false, ie.fileUploadDialogTimeout: 3000, ie.forceCreateProcessApi: false, ignoreProtectedModeSettings: false, ignoreZoomSetting: false, initialBrowserUrl: http://localhost:26126/, nativeEvents: true, requireWindowFocus: false}, setWindowRect: true}
Session ID: d186ba43-d38a-4fcf-883b-bdbf37cd6e15
at java.base/jdk.internal.reflect.NativeConstructorAccessorImpl.newInstance0(Native Method)
at java.base/jdk.internal.reflect.NativeConstructorAccessorImpl.newInstance(NativeConstructorAccessorImpl.java:62)
at java.base/jdk.internal.reflect.DelegatingConstructorAccessorImpl.newInstance(DelegatingConstructorAccessorImpl.java:45)
at java.base/java.lang.reflect.Constructor.newInstance(Constructor.java:488)
at org.openqa.selenium.remote.http.W3CHttpResponseCodec.createException(W3CHttpResponseCodec.java:187)
at org.openqa.selenium.remote.http.W3CHttpResponseCodec.decode(W3CHttpResponseCodec.java:122)
at org.openqa.selenium.remote.http.W3CHttpResponseCodec.decode(W3CHttpResponseCodec.java:49)
at org.openqa.selenium.remote.HttpCommandExecutor.execute(HttpCommandExecutor.java:158)
at org.openqa.selenium.remote.service.DriverCommandExecutor.execute(DriverCommandExecutor.java:83)
at org.openqa.selenium.remote.RemoteWebDriver.execute(RemoteWebDriver.java:545)
at org.openqa.selenium.remote.RemoteWebElement.execute(RemoteWebElement.java:279)
at org.openqa.selenium.remote.RemoteWebElement.click(RemoteWebElement.java:83)
at smokeTestIE.ValidateSmokeTest.ValidateAllReportsLinks(ValidateSmokeTest.java:1031)
at java.base/jdk.internal.reflect.NativeMethodAccessorImpl.invoke0(Native Method)
at java.base/jdk.internal.reflect.NativeMethodAccessorImpl.invoke(NativeMethodAccessorImpl.java:62)
at java.base/jdk.internal.reflect.DelegatingMethodAccessorImpl.invoke(DelegatingMethodAccessorImpl.java:43)
at java.base/java.lang.reflect.Method.invoke(Method.java:564)
at org.testng.internal.MethodInvocationHelper.invokeMethod(MethodInvocationHelper.java:124)
at org.testng.internal.Invoker.invokeMethod(Invoker.java:580)
at org.testng.internal.Invoker.invokeTestMethod(Invoker.java:716)
at org.testng.internal.Invoker.invokeTestMethods(Invoker.java:988)
at org.testng.internal.TestMethodWorker.invokeTestMethods(TestMethodWorker.java:125)
at org.testng.internal.TestMethodWorker.run(TestMethodWorker.java:109)
at org.testng.TestRunner.privateRun(TestRunner.java:648)
at org.testng.TestRunner.run(TestRunner.java:505)
at org.testng.SuiteRunner.runTest(SuiteRunner.java:455)
at org.testng.SuiteRunner.runSequentially(SuiteRunner.java:450)
at org.testng.SuiteRunner.privateRun(SuiteRunner.java:415)
at org.testng.SuiteRunner.run(SuiteRunner.java:364)
at org.testng.SuiteRunnerWorker.runSuite(SuiteRunnerWorker.java:52)
at org.testng.SuiteRunnerWorker.run(SuiteRunnerWorker.java:84)
at org.testng.TestNG.runSuitesSequentially(TestNG.java:1208)
at org.testng.TestNG.runSuitesLocally(TestNG.java:1137)
at org.testng.TestNG.runSuites(TestNG.java:1049)
at org.testng.TestNG.run(TestNG.java:1017)
at org.apache.maven.surefire.testng.TestNGExecutor.run(TestNGExecutor.java:283)
at org.apache.maven.surefire.testng.TestNGXmlTestSuite.execute(TestNGXmlTestSuite.java:75)
at org.apache.maven.surefire.testng.TestNGProvider.invoke(TestNGProvider.java:120)
at org.apache.maven.surefire.booter.ForkedBooter.invokeProviderInSameClassLoader(ForkedBooter.java:379)
at org.apache.maven.surefire.booter.ForkedBooter.runSuitesInProcess(ForkedBooter.java:340)
at org.apache.maven.surefire.booter.ForkedBooter.execute(ForkedBooter.java:125)
at org.apache.maven.surefire.booter.ForkedBooter.main(ForkedBooter.java:413)
]]>
            </full-stacktrace>
          </exception> <!-- org.openqa.selenium.ElementNotInteractableException -->
          <reporter-output>
          </reporter-output>
        </test-method> <!-- ValidateAllReportsLinks -->
        <test-method signature="ValidateSavedReports()[pri:29, instance:smokeTestIE.ValidateSmokeTest@6c0d9d86]" started-at="2018-04-17T03:39:44Z" name="ValidateSavedReports" finished-at="2018-04-17T03:40:09Z" duration-ms="24731" status="PASS">
          <reporter-output>
          </reporter-output>
        </test-method> <!-- ValidateSavedReports -->
        <test-method signature="ValidateComparePage()[pri:30, instance:smokeTestIE.ValidateSmokeTest@6c0d9d86]" started-at="2018-04-17T03:40:09Z" name="ValidateComparePage" finished-at="2018-04-17T03:41:52Z" duration-ms="102825" status="PASS">
          <reporter-output>
          </reporter-output>
        </test-method> <!-- ValidateComparePage -->
      </class> <!-- smokeTestIE.ValidateSmokeTest -->
    </test> <!-- ValidateSmokeTests -->
  </suite> <!-- SmokeTestSuite -->
</testng-results>
